<?xml version="1.0" encoding="UTF-8"?>
<robot generator="Robot 6.1.1 (Python 3.14.0 on win32)" generated="20251113 09:44:54.773" rpa="false" schemaversion="4">
<suite id="s1" name="Tests" source="C:\kurssit\Ohjelmistotuotanto\ohtuvarasto2\osa3\hello-robot\src\tests">
<suite id="s1-s1" name="Increase Counter" source="C:\kurssit\Ohjelmistotuotanto\ohtuvarasto2\osa3\hello-robot\src\tests\increase_counter.robot">
<test id="s1-s1-t1" name="Increase Counter Once" line="5">
<kw name="Counter Value Should Be" library="CounterLibrary">
<arg>0</arg>
<status status="PASS" starttime="20251113 09:44:54.819" endtime="20251113 09:44:54.819"/>
</kw>
<kw name="Increase Counter" library="CounterLibrary">
<status status="PASS" starttime="20251113 09:44:54.819" endtime="20251113 09:44:54.819"/>
</kw>
<kw name="Counter Value Should Be" library="CounterLibrary">
<arg>1</arg>
<status status="PASS" starttime="20251113 09:44:54.819" endtime="20251113 09:44:54.819"/>
</kw>
<status status="PASS" starttime="20251113 09:44:54.818" endtime="20251113 09:44:54.819"/>
</test>
<test id="s1-s1-t2" name="Increase Counter Many Times" line="10">
<kw name="Counter Value Should Be" library="CounterLibrary">
<arg>0</arg>
<status status="PASS" starttime="20251113 09:44:54.820" endtime="20251113 09:44:54.820"/>
</kw>
<kw name="Increase Counter" library="CounterLibrary">
<status status="PASS" starttime="20251113 09:44:54.820" endtime="20251113 09:44:54.820"/>
</kw>
<kw name="Increase Counter" library="CounterLibrary">
<status status="PASS" starttime="20251113 09:44:54.820" endtime="20251113 09:44:54.820"/>
</kw>
<kw name="Increase Counter" library="CounterLibrary">
<status status="PASS" starttime="20251113 09:44:54.821" endtime="20251113 09:44:54.821"/>
</kw>
<kw name="Counter Value Should Be" library="CounterLibrary">
<arg>3</arg>
<status status="PASS" starttime="20251113 09:44:54.821" endtime="20251113 09:44:54.821"/>
</kw>
<status status="PASS" starttime="20251113 09:44:54.820" endtime="20251113 09:44:54.821"/>
</test>
<test id="s1-s1-t3" name="Increment Counter By Amount" line="17">
<kw name="Counter Value Should Be" library="CounterLibrary">
<arg>0</arg>
<status status="PASS" starttime="20251113 09:44:54.822" endtime="20251113 09:44:54.822"/>
</kw>
<kw name="Increment Counter By" library="CounterLibrary">
<arg>5</arg>
<status status="PASS" starttime="20251113 09:44:54.822" endtime="20251113 09:44:54.822"/>
</kw>
<kw name="Counter Value Should Be" library="CounterLibrary">
<arg>5</arg>
<status status="PASS" starttime="20251113 09:44:54.822" endtime="20251113 09:44:54.822"/>
</kw>
<status status="PASS" starttime="20251113 09:44:54.821" endtime="20251113 09:44:54.822"/>
</test>
<test id="s1-s1-t4" name="Reset Counter After One Increment" line="22">
<kw name="Counter Value Should Be" library="CounterLibrary">
<arg>0</arg>
<status status="PASS" starttime="20251113 09:44:54.823" endtime="20251113 09:44:54.823"/>
</kw>
<kw name="Increase Counter" library="CounterLibrary">
<status status="PASS" starttime="20251113 09:44:54.823" endtime="20251113 09:44:54.823"/>
</kw>
<kw name="Counter Value Should Be" library="CounterLibrary">
<arg>1</arg>
<status status="PASS" starttime="20251113 09:44:54.823" endtime="20251113 09:44:54.823"/>
</kw>
<kw name="Reset Counter" library="CounterLibrary">
<status status="PASS" starttime="20251113 09:44:54.823" endtime="20251113 09:44:54.823"/>
</kw>
<kw name="Counter Value Should Be" library="CounterLibrary">
<arg>0</arg>
<status status="PASS" starttime="20251113 09:44:54.823" endtime="20251113 09:44:54.823"/>
</kw>
<status status="PASS" starttime="20251113 09:44:54.822" endtime="20251113 09:44:54.823"/>
</test>
<test id="s1-s1-t5" name="Reset Counter After Several Increments" line="29">
<kw name="Counter Value Should Be" library="CounterLibrary">
<arg>0</arg>
<status status="PASS" starttime="20251113 09:44:54.824" endtime="20251113 09:44:54.824"/>
</kw>
<kw name="Increment Counter By" library="CounterLibrary">
<arg>5</arg>
<status status="PASS" starttime="20251113 09:44:54.824" endtime="20251113 09:44:54.824"/>
</kw>
<kw name="Counter Value Should Be" library="CounterLibrary">
<arg>5</arg>
<status status="PASS" starttime="20251113 09:44:54.824" endtime="20251113 09:44:54.824"/>
</kw>
<kw name="Reset Counter" library="CounterLibrary">
<status status="PASS" starttime="20251113 09:44:54.825" endtime="20251113 09:44:54.825"/>
</kw>
<kw name="Counter Value Should Be" library="CounterLibrary">
<arg>0</arg>
<status status="PASS" starttime="20251113 09:44:54.825" endtime="20251113 09:44:54.825"/>
</kw>
<status status="PASS" starttime="20251113 09:44:54.824" endtime="20251113 09:44:54.825"/>
</test>
<status status="PASS" starttime="20251113 09:44:54.798" endtime="20251113 09:44:54.825"/>
</suite>
<status status="PASS" starttime="20251113 09:44:54.775" endtime="20251113 09:44:54.826"/>
</suite>
<statistics>
<total>
<stat pass="5" fail="0" skip="0">All Tests</stat>
</total>
<tag>
</tag>
<suite>
<stat pass="5" fail="0" skip="0" id="s1" name="Tests">Tests</stat>
<stat pass="5" fail="0" skip="0" id="s1-s1" name="Increase Counter">Tests.Increase Counter</stat>
</suite>
</statistics>
<errors>
</errors>
</robot>
