<?xml version="1.0" encoding="UTF-8"?>
<robot generator="Robot 6.1.1 (Python 3.14.0 on win32)" generated="20251114 13:47:43.690" rpa="false" schemaversion="4">
<suite id="s1" name="Tests" source="C:\kurssit\Ohjelmistotuotanto\ohtuvarasto2\osa3\login-robot\src\tests">
<suite id="s1-s1" name="Login" source="C:\kurssit\Ohjelmistotuotanto\ohtuvarasto2\osa3\login-robot\src\tests\login.robot">
<test id="s1-s1-t1" name="Login With Correct Credentials" line="6">
<kw name="Create User And Input Login Command" type="SETUP">
<kw name="Create User" library="AppLibrary">
<arg>kalle</arg>
<arg>kalle123</arg>
<status status="PASS" starttime="20251114 13:47:43.781" endtime="20251114 13:47:43.783"/>
</kw>
<kw name="Input Login Command" library="resource">
<kw name="Input" library="AppLibrary">
<arg>login</arg>
<status status="PASS" starttime="20251114 13:47:43.783" endtime="20251114 13:47:43.784"/>
</kw>
<status status="PASS" starttime="20251114 13:47:43.783" endtime="20251114 13:47:43.784"/>
</kw>
<status status="PASS" starttime="20251114 13:47:43.781" endtime="20251114 13:47:43.784"/>
</kw>
<kw name="Input Credentials" library="resource">
<arg>kalle</arg>
<arg>kalle123</arg>
<kw name="Input" library="AppLibrary">
<arg>${username}</arg>
<status status="PASS" starttime="20251114 13:47:43.785" endtime="20251114 13:47:43.786"/>
</kw>
<kw name="Input" library="AppLibrary">
<arg>${password}</arg>
<status status="PASS" starttime="20251114 13:47:43.787" endtime="20251114 13:47:43.787"/>
</kw>
<kw name="Run Application" library="AppLibrary">
<status status="PASS" starttime="20251114 13:47:43.787" endtime="20251114 13:47:43.787"/>
</kw>
<status status="PASS" starttime="20251114 13:47:43.785" endtime="20251114 13:47:43.787"/>
</kw>
<kw name="Output Should Contain" library="AppLibrary">
<arg>Logged in</arg>
<status status="PASS" starttime="20251114 13:47:43.788" endtime="20251114 13:47:43.788"/>
</kw>
<status status="PASS" starttime="20251114 13:47:43.779" endtime="20251114 13:47:43.789"/>
</test>
<test id="s1-s1-t2" name="Login With Incorrect Password" line="10">
<kw name="Create User And Input Login Command" type="SETUP">
<kw name="Create User" library="AppLibrary">
<arg>kalle</arg>
<arg>kalle123</arg>
<status status="PASS" starttime="20251114 13:47:43.790" endtime="20251114 13:47:43.791"/>
</kw>
<kw name="Input Login Command" library="resource">
<kw name="Input" library="AppLibrary">
<arg>login</arg>
<status status="PASS" starttime="20251114 13:47:43.791" endtime="20251114 13:47:43.791"/>
</kw>
<status status="PASS" starttime="20251114 13:47:43.791" endtime="20251114 13:47:43.791"/>
</kw>
<status status="PASS" starttime="20251114 13:47:43.790" endtime="20251114 13:47:43.791"/>
</kw>
<kw name="Input Credentials" library="resource">
<arg>kalle</arg>
<arg>123</arg>
<kw name="Input" library="AppLibrary">
<arg>${username}</arg>
<status status="PASS" starttime="20251114 13:47:43.792" endtime="20251114 13:47:43.792"/>
</kw>
<kw name="Input" library="AppLibrary">
<arg>${password}</arg>
<status status="PASS" starttime="20251114 13:47:43.792" endtime="20251114 13:47:43.792"/>
</kw>
<kw name="Run Application" library="AppLibrary">
<status status="PASS" starttime="20251114 13:47:43.792" endtime="20251114 13:47:43.793"/>
</kw>
<status status="PASS" starttime="20251114 13:47:43.792" endtime="20251114 13:47:43.793"/>
</kw>
<kw name="Output Should Contain" library="AppLibrary">
<arg>Invalid username or password</arg>
<status status="PASS" starttime="20251114 13:47:43.793" endtime="20251114 13:47:43.793"/>
</kw>
<status status="PASS" starttime="20251114 13:47:43.789" endtime="20251114 13:47:43.794"/>
</test>
<test id="s1-s1-t3" name="Login With Nonexistent Username" line="14">
<kw name="Create User And Input Login Command" type="SETUP">
<kw name="Create User" library="AppLibrary">
<arg>kalle</arg>
<arg>kalle123</arg>
<status status="PASS" starttime="20251114 13:47:43.796" endtime="20251114 13:47:43.796"/>
</kw>
<kw name="Input Login Command" library="resource">
<kw name="Input" library="AppLibrary">
<arg>login</arg>
<status status="PASS" starttime="20251114 13:47:43.797" endtime="20251114 13:47:43.797"/>
</kw>
<status status="PASS" starttime="20251114 13:47:43.796" endtime="20251114 13:47:43.797"/>
</kw>
<status status="PASS" starttime="20251114 13:47:43.795" endtime="20251114 13:47:43.797"/>
</kw>
<kw name="Input Credentials" library="resource">
<arg>jaakko</arg>
<arg>kalle123</arg>
<kw name="Input" library="AppLibrary">
<arg>${username}</arg>
<status status="PASS" starttime="20251114 13:47:43.798" endtime="20251114 13:47:43.798"/>
</kw>
<kw name="Input" library="AppLibrary">
<arg>${password}</arg>
<status status="PASS" starttime="20251114 13:47:43.798" endtime="20251114 13:47:43.798"/>
</kw>
<kw name="Run Application" library="AppLibrary">
<status status="PASS" starttime="20251114 13:47:43.798" endtime="20251114 13:47:43.798"/>
</kw>
<status status="PASS" starttime="20251114 13:47:43.797" endtime="20251114 13:47:43.798"/>
</kw>
<kw name="Output Should Contain" library="AppLibrary">
<arg>Invalid username or password</arg>
<status status="PASS" starttime="20251114 13:47:43.799" endtime="20251114 13:47:43.799"/>
</kw>
<status status="PASS" starttime="20251114 13:47:43.795" endtime="20251114 13:47:43.799"/>
</test>
<status status="PASS" starttime="20251114 13:47:43.753" endtime="20251114 13:47:43.802"/>
</suite>
<suite id="s1-s2" name="Register" source="C:\kurssit\Ohjelmistotuotanto\ohtuvarasto2\osa3\login-robot\src\tests\register.robot">
<test id="s1-s2-t1" name="Register With Valid Username And Password" line="6">
<kw name="Input New Command And Create User" type="SETUP">
<kw name="Create User" library="AppLibrary">
<arg>kalle</arg>
<arg>kalle123</arg>
<status status="PASS" starttime="20251114 13:47:43.813" endtime="20251114 13:47:43.814"/>
</kw>
<kw name="Input New Command" library="resource">
<kw name="Input" library="AppLibrary">
<arg>new</arg>
<status status="PASS" starttime="20251114 13:47:43.814" endtime="20251114 13:47:43.814"/>
</kw>
<status status="PASS" starttime="20251114 13:47:43.814" endtime="20251114 13:47:43.814"/>
</kw>
<status status="PASS" starttime="20251114 13:47:43.813" endtime="20251114 13:47:43.814"/>
</kw>
<kw name="Input Credentials" library="resource">
<arg>masa</arg>
<arg>masatin123</arg>
<kw name="Input" library="AppLibrary">
<arg>${username}</arg>
<status status="PASS" starttime="20251114 13:47:43.815" endtime="20251114 13:47:43.815"/>
</kw>
<kw name="Input" library="AppLibrary">
<arg>${password}</arg>
<status status="PASS" starttime="20251114 13:47:43.815" endtime="20251114 13:47:43.815"/>
</kw>
<kw name="Run Application" library="AppLibrary">
<status status="PASS" starttime="20251114 13:47:43.815" endtime="20251114 13:47:43.816"/>
</kw>
<status status="PASS" starttime="20251114 13:47:43.815" endtime="20251114 13:47:43.816"/>
</kw>
<kw name="Output Should Contain" library="AppLibrary">
<arg>New user registered</arg>
<status status="PASS" starttime="20251114 13:47:43.816" endtime="20251114 13:47:43.816"/>
</kw>
<status status="PASS" starttime="20251114 13:47:43.812" endtime="20251114 13:47:43.817"/>
</test>
<test id="s1-s2-t2" name="Register With Already Taken Username And Valid Password" line="10">
<kw name="Input New Command And Create User" type="SETUP">
<kw name="Create User" library="AppLibrary">
<arg>kalle</arg>
<arg>kalle123</arg>
<status status="PASS" starttime="20251114 13:47:43.819" endtime="20251114 13:47:43.820"/>
</kw>
<kw name="Input New Command" library="resource">
<kw name="Input" library="AppLibrary">
<arg>new</arg>
<status status="PASS" starttime="20251114 13:47:43.820" endtime="20251114 13:47:43.820"/>
</kw>
<status status="PASS" starttime="20251114 13:47:43.820" endtime="20251114 13:47:43.820"/>
</kw>
<status status="PASS" starttime="20251114 13:47:43.819" endtime="20251114 13:47:43.820"/>
</kw>
<kw name="Input Credentials" library="resource">
<arg>kalle</arg>
<arg>uusiSalasana123</arg>
<kw name="Input" library="AppLibrary">
<arg>${username}</arg>
<status status="PASS" starttime="20251114 13:47:43.821" endtime="20251114 13:47:43.822"/>
</kw>
<kw name="Input" library="AppLibrary">
<arg>${password}</arg>
<status status="PASS" starttime="20251114 13:47:43.822" endtime="20251114 13:47:43.823"/>
</kw>
<kw name="Run Application" library="AppLibrary">
<status status="PASS" starttime="20251114 13:47:43.823" endtime="20251114 13:47:43.823"/>
</kw>
<status status="PASS" starttime="20251114 13:47:43.821" endtime="20251114 13:47:43.823"/>
</kw>
<kw name="Output Should Contain" library="AppLibrary">
<arg>User with username kalle already exists</arg>
<status status="PASS" starttime="20251114 13:47:43.824" endtime="20251114 13:47:43.824"/>
</kw>
<status status="PASS" starttime="20251114 13:47:43.819" endtime="20251114 13:47:43.825"/>
</test>
<test id="s1-s2-t3" name="Register With Too Short Username And Valid Password" line="14">
<kw name="Input New Command And Create User" type="SETUP">
<kw name="Create User" library="AppLibrary">
<arg>kalle</arg>
<arg>kalle123</arg>
<status status="PASS" starttime="20251114 13:47:43.827" endtime="20251114 13:47:43.827"/>
</kw>
<kw name="Input New Command" library="resource">
<kw name="Input" library="AppLibrary">
<arg>new</arg>
<status status="PASS" starttime="20251114 13:47:43.828" endtime="20251114 13:47:43.828"/>
</kw>
<status status="PASS" starttime="20251114 13:47:43.827" endtime="20251114 13:47:43.828"/>
</kw>
<status status="PASS" starttime="20251114 13:47:43.827" endtime="20251114 13:47:43.828"/>
</kw>
<kw name="Input Credentials" library="resource">
<arg>ab</arg>
<arg>salasananen100</arg>
<kw name="Input" library="AppLibrary">
<arg>${username}</arg>
<status status="PASS" starttime="20251114 13:47:43.828" endtime="20251114 13:47:43.829"/>
</kw>
<kw name="Input" library="AppLibrary">
<arg>${password}</arg>
<status status="PASS" starttime="20251114 13:47:43.829" endtime="20251114 13:47:43.829"/>
</kw>
<kw name="Run Application" library="AppLibrary">
<status status="PASS" starttime="20251114 13:47:43.829" endtime="20251114 13:47:43.829"/>
</kw>
<status status="PASS" starttime="20251114 13:47:43.828" endtime="20251114 13:47:43.829"/>
</kw>
<kw name="Output Should Contain" library="AppLibrary">
<arg>Username has to be at least three characters long</arg>
<status status="PASS" starttime="20251114 13:47:43.830" endtime="20251114 13:47:43.830"/>
</kw>
<status status="PASS" starttime="20251114 13:47:43.826" endtime="20251114 13:47:43.830"/>
</test>
<test id="s1-s2-t4" name="Register With Enough Long But Invalid Username And Valid Password" line="18">
<kw name="Input New Command And Create User" type="SETUP">
<kw name="Create User" library="AppLibrary">
<arg>kalle</arg>
<arg>kalle123</arg>
<status status="PASS" starttime="20251114 13:47:43.832" endtime="20251114 13:47:43.833"/>
</kw>
<kw name="Input New Command" library="resource">
<kw name="Input" library="AppLibrary">
<arg>new</arg>
<status status="PASS" starttime="20251114 13:47:43.834" endtime="20251114 13:47:43.834"/>
</kw>
<status status="PASS" starttime="20251114 13:47:43.833" endtime="20251114 13:47:43.834"/>
</kw>
<status status="PASS" starttime="20251114 13:47:43.832" endtime="20251114 13:47:43.834"/>
</kw>
<kw name="Input Credentials" library="resource">
<arg>masatinä</arg>
<arg>jokuSalasana1000</arg>
<kw name="Input" library="AppLibrary">
<arg>${username}</arg>
<status status="PASS" starttime="20251114 13:47:43.835" endtime="20251114 13:47:43.836"/>
</kw>
<kw name="Input" library="AppLibrary">
<arg>${password}</arg>
<status status="PASS" starttime="20251114 13:47:43.836" endtime="20251114 13:47:43.836"/>
</kw>
<kw name="Run Application" library="AppLibrary">
<status status="PASS" starttime="20251114 13:47:43.836" endtime="20251114 13:47:43.836"/>
</kw>
<status status="PASS" starttime="20251114 13:47:43.835" endtime="20251114 13:47:43.836"/>
</kw>
<kw name="Output Should Contain" library="AppLibrary">
<arg>Username must contain only letters a-z</arg>
<status status="PASS" starttime="20251114 13:47:43.837" endtime="20251114 13:47:43.837"/>
</kw>
<status status="PASS" starttime="20251114 13:47:43.831" endtime="20251114 13:47:43.838"/>
</test>
<test id="s1-s2-t5" name="Register With Valid Username And Too Short Password" line="22">
<kw name="Input New Command And Create User" type="SETUP">
<kw name="Create User" library="AppLibrary">
<arg>kalle</arg>
<arg>kalle123</arg>
<status status="PASS" starttime="20251114 13:47:43.840" endtime="20251114 13:47:43.840"/>
</kw>
<kw name="Input New Command" library="resource">
<kw name="Input" library="AppLibrary">
<arg>new</arg>
<status status="PASS" starttime="20251114 13:47:43.840" endtime="20251114 13:47:43.841"/>
</kw>
<status status="PASS" starttime="20251114 13:47:43.840" endtime="20251114 13:47:43.841"/>
</kw>
<status status="PASS" starttime="20251114 13:47:43.840" endtime="20251114 13:47:43.841"/>
</kw>
<kw name="Input Credentials" library="resource">
<arg>masa</arg>
<arg>abc123</arg>
<kw name="Input" library="AppLibrary">
<arg>${username}</arg>
<status status="PASS" starttime="20251114 13:47:43.841" endtime="20251114 13:47:43.842"/>
</kw>
<kw name="Input" library="AppLibrary">
<arg>${password}</arg>
<status status="PASS" starttime="20251114 13:47:43.842" endtime="20251114 13:47:43.842"/>
</kw>
<kw name="Run Application" library="AppLibrary">
<status status="PASS" starttime="20251114 13:47:43.842" endtime="20251114 13:47:43.842"/>
</kw>
<status status="PASS" starttime="20251114 13:47:43.841" endtime="20251114 13:47:43.842"/>
</kw>
<kw name="Output Should Contain" library="AppLibrary">
<arg>Password has to be at least eight characters long</arg>
<status status="PASS" starttime="20251114 13:47:43.843" endtime="20251114 13:47:43.843"/>
</kw>
<status status="PASS" starttime="20251114 13:47:43.839" endtime="20251114 13:47:43.843"/>
</test>
<test id="s1-s2-t6" name="Register With Valid Username And Long Enough Password Containing Only Letters" line="26">
<kw name="Input New Command And Create User" type="SETUP">
<kw name="Create User" library="AppLibrary">
<arg>kalle</arg>
<arg>kalle123</arg>
<status status="PASS" starttime="20251114 13:47:43.845" endtime="20251114 13:47:43.845"/>
</kw>
<kw name="Input New Command" library="resource">
<kw name="Input" library="AppLibrary">
<arg>new</arg>
<status status="PASS" starttime="20251114 13:47:43.845" endtime="20251114 13:47:43.846"/>
</kw>
<status status="PASS" starttime="20251114 13:47:43.845" endtime="20251114 13:47:43.846"/>
</kw>
<status status="PASS" starttime="20251114 13:47:43.845" endtime="20251114 13:47:43.846"/>
</kw>
<kw name="Input Credentials" library="resource">
<arg>masa</arg>
<arg>pitkäsalasanA</arg>
<kw name="Input" library="AppLibrary">
<arg>${username}</arg>
<status status="PASS" starttime="20251114 13:47:43.847" endtime="20251114 13:47:43.847"/>
</kw>
<kw name="Input" library="AppLibrary">
<arg>${password}</arg>
<status status="PASS" starttime="20251114 13:47:43.847" endtime="20251114 13:47:43.847"/>
</kw>
<kw name="Run Application" library="AppLibrary">
<status status="PASS" starttime="20251114 13:47:43.847" endtime="20251114 13:47:43.847"/>
</kw>
<status status="PASS" starttime="20251114 13:47:43.846" endtime="20251114 13:47:43.847"/>
</kw>
<kw name="Output Should Contain" library="AppLibrary">
<arg>Password must not contain only letters</arg>
<status status="PASS" starttime="20251114 13:47:43.848" endtime="20251114 13:47:43.848"/>
</kw>
<status status="PASS" starttime="20251114 13:47:43.844" endtime="20251114 13:47:43.848"/>
</test>
<status status="PASS" starttime="20251114 13:47:43.806" endtime="20251114 13:47:43.850"/>
</suite>
<status status="PASS" starttime="20251114 13:47:43.693" endtime="20251114 13:47:43.852"/>
</suite>
<statistics>
<total>
<stat pass="9" fail="0" skip="0">All Tests</stat>
</total>
<tag>
</tag>
<suite>
<stat pass="9" fail="0" skip="0" id="s1" name="Tests">Tests</stat>
<stat pass="3" fail="0" skip="0" id="s1-s1" name="Login">Tests.Login</stat>
<stat pass="6" fail="0" skip="0" id="s1-s2" name="Register">Tests.Register</stat>
</suite>
</statistics>
<errors>
</errors>
</robot>
