<?xml version="1.0" encoding="UTF-8"?>
<robot generator="Robot 6.1.1 (Python 3.14.0 on win32)" generated="20251113 10:21:48.667" rpa="false" schemaversion="4">
<suite id="s1" name="Tests" source="C:\kurssit\Ohjelmistotuotanto\ohtuvarasto2\osa3\login-robot\src\tests">
<suite id="s1-s1" name="Login" source="C:\kurssit\Ohjelmistotuotanto\ohtuvarasto2\osa3\login-robot\src\tests\login.robot">
<test id="s1-s1-t1" name="Login With Correct Credentials" line="6">
<kw name="Create User And Input Login Command" type="SETUP">
<kw name="Create User" library="AppLibrary">
<arg>kalle</arg>
<arg>kalle123</arg>
<status status="PASS" starttime="20251113 10:21:48.703" endtime="20251113 10:21:48.703"/>
</kw>
<kw name="Input Login Command" library="resource">
<kw name="Input" library="AppLibrary">
<arg>login</arg>
<status status="PASS" starttime="20251113 10:21:48.703" endtime="20251113 10:21:48.703"/>
</kw>
<status status="PASS" starttime="20251113 10:21:48.703" endtime="20251113 10:21:48.703"/>
</kw>
<status status="PASS" starttime="20251113 10:21:48.703" endtime="20251113 10:21:48.703"/>
</kw>
<kw name="Input Credentials" library="resource">
<arg>kalle</arg>
<arg>kalle123</arg>
<kw name="Input" library="AppLibrary">
<arg>${username}</arg>
<status status="PASS" starttime="20251113 10:21:48.704" endtime="20251113 10:21:48.704"/>
</kw>
<kw name="Input" library="AppLibrary">
<arg>${password}</arg>
<status status="PASS" starttime="20251113 10:21:48.704" endtime="20251113 10:21:48.704"/>
</kw>
<kw name="Run Application" library="AppLibrary">
<status status="PASS" starttime="20251113 10:21:48.704" endtime="20251113 10:21:48.704"/>
</kw>
<status status="PASS" starttime="20251113 10:21:48.704" endtime="20251113 10:21:48.704"/>
</kw>
<kw name="Output Should Contain" library="AppLibrary">
<arg>Logged in</arg>
<status status="PASS" starttime="20251113 10:21:48.705" endtime="20251113 10:21:48.705"/>
</kw>
<status status="PASS" starttime="20251113 10:21:48.702" endtime="20251113 10:21:48.705"/>
</test>
<test id="s1-s1-t2" name="Login With Incorrect Password" line="10">
<kw name="Create User And Input Login Command" type="SETUP">
<kw name="Create User" library="AppLibrary">
<arg>kalle</arg>
<arg>kalle123</arg>
<status status="PASS" starttime="20251113 10:21:48.706" endtime="20251113 10:21:48.706"/>
</kw>
<kw name="Input Login Command" library="resource">
<kw name="Input" library="AppLibrary">
<arg>login</arg>
<status status="PASS" starttime="20251113 10:21:48.706" endtime="20251113 10:21:48.706"/>
</kw>
<status status="PASS" starttime="20251113 10:21:48.706" endtime="20251113 10:21:48.706"/>
</kw>
<status status="PASS" starttime="20251113 10:21:48.706" endtime="20251113 10:21:48.706"/>
</kw>
<kw name="Input Credentials" library="resource">
<arg>kalle</arg>
<arg>123</arg>
<kw name="Input" library="AppLibrary">
<arg>${username}</arg>
<status status="PASS" starttime="20251113 10:21:48.707" endtime="20251113 10:21:48.707"/>
</kw>
<kw name="Input" library="AppLibrary">
<arg>${password}</arg>
<status status="PASS" starttime="20251113 10:21:48.707" endtime="20251113 10:21:48.707"/>
</kw>
<kw name="Run Application" library="AppLibrary">
<status status="PASS" starttime="20251113 10:21:48.707" endtime="20251113 10:21:48.707"/>
</kw>
<status status="PASS" starttime="20251113 10:21:48.706" endtime="20251113 10:21:48.707"/>
</kw>
<kw name="Output Should Contain" library="AppLibrary">
<arg>Invalid username or password</arg>
<status status="PASS" starttime="20251113 10:21:48.707" endtime="20251113 10:21:48.707"/>
</kw>
<status status="PASS" starttime="20251113 10:21:48.705" endtime="20251113 10:21:48.707"/>
</test>
<test id="s1-s1-t3" name="Login With Nonexistent Username" line="14">
<kw name="Create User And Input Login Command" type="SETUP">
<kw name="Create User" library="AppLibrary">
<arg>kalle</arg>
<arg>kalle123</arg>
<status status="PASS" starttime="20251113 10:21:48.708" endtime="20251113 10:21:48.708"/>
</kw>
<kw name="Input Login Command" library="resource">
<kw name="Input" library="AppLibrary">
<arg>login</arg>
<status status="PASS" starttime="20251113 10:21:48.708" endtime="20251113 10:21:48.709"/>
</kw>
<status status="PASS" starttime="20251113 10:21:48.708" endtime="20251113 10:21:48.709"/>
</kw>
<status status="PASS" starttime="20251113 10:21:48.708" endtime="20251113 10:21:48.709"/>
</kw>
<kw name="Input Credentials" library="resource">
<arg>jaakko</arg>
<arg>kalle123</arg>
<kw name="Input" library="AppLibrary">
<arg>${username}</arg>
<status status="PASS" starttime="20251113 10:21:48.709" endtime="20251113 10:21:48.709"/>
</kw>
<kw name="Input" library="AppLibrary">
<arg>${password}</arg>
<status status="PASS" starttime="20251113 10:21:48.709" endtime="20251113 10:21:48.709"/>
</kw>
<kw name="Run Application" library="AppLibrary">
<status status="PASS" starttime="20251113 10:21:48.709" endtime="20251113 10:21:48.709"/>
</kw>
<status status="PASS" starttime="20251113 10:21:48.709" endtime="20251113 10:21:48.709"/>
</kw>
<kw name="Output Should Contain" library="AppLibrary">
<arg>Invalid username or password</arg>
<status status="PASS" starttime="20251113 10:21:48.710" endtime="20251113 10:21:48.710"/>
</kw>
<status status="PASS" starttime="20251113 10:21:48.708" endtime="20251113 10:21:48.710"/>
</test>
<status status="PASS" starttime="20251113 10:21:48.693" endtime="20251113 10:21:48.710"/>
</suite>
<status status="PASS" starttime="20251113 10:21:48.668" endtime="20251113 10:21:48.711"/>
</suite>
<statistics>
<total>
<stat pass="3" fail="0" skip="0">All Tests</stat>
</total>
<tag>
</tag>
<suite>
<stat pass="3" fail="0" skip="0" id="s1" name="Tests">Tests</stat>
<stat pass="3" fail="0" skip="0" id="s1-s1" name="Login">Tests.Login</stat>
</suite>
</statistics>
<errors>
</errors>
</robot>
